<?xml version="1.0" encoding="UTF-8"?>
<!-- Generated by org.testng.reporters.JUnitReportReporter -->
<testsuite skipped="0" hostname="DESKTOP-5SL4C2D" name="com.handsOn.exercise.useCases.timeIBM.UseCase12_FeaturesVotingAndStatus" tests="1" failures="0" timestamp="12 May 2021 07:44:19 GMT" time="82.355" errors="0">
  <testcase name="featureVotingAndStatus" time="82.355" classname="com.handsOn.exercise.useCases.timeIBM.UseCase12_FeaturesVotingAndStatus"/>
</testsuite> <!-- com.handsOn.exercise.useCases.timeIBM.UseCase12_FeaturesVotingAndStatus -->
