<?xml version="1.0" encoding="UTF-8"?>
<!-- Generated by org.testng.reporters.JUnitReportReporter -->
<testsuite skipped="0" hostname="DESKTOP-5SL4C2D" name="com.handsOn.exercise.useCases.moneyControl.UseCase6_GratuityCalculator" tests="2" failures="0" timestamp="27 Apr 2021 12:03:29 GMT" time="185.211" errors="0">
  <testcase name="GratuityCalculator_NegativeFlow" time="86.099" classname="com.handsOn.exercise.useCases.moneyControl.UseCase6_GratuityCalculator"/>
  <testcase name="GratuityCalculator_PositiveFlow" time="99.112" classname="com.handsOn.exercise.useCases.moneyControl.UseCase6_GratuityCalculator"/>
</testsuite> <!-- com.handsOn.exercise.useCases.moneyControl.UseCase6_GratuityCalculator -->
