<?xml version="1.0" encoding="UTF-8"?>
<!-- Generated by org.testng.reporters.JUnitReportReporter -->
<testsuite skipped="0" hostname="DESKTOP-5SL4C2D" name="com.handsOn.exercise.useCases.timeIBM.UseCase7_EnterBMSData" tests="1" failures="0" timestamp="05 May 2021 15:35:53 GMT" time="42.447" errors="0">
  <testcase name="EnterBMSData_ZeroHours" time="42.447" classname="com.handsOn.exercise.useCases.timeIBM.UseCase7_EnterBMSData"/>
</testsuite> <!-- com.handsOn.exercise.useCases.timeIBM.UseCase7_EnterBMSData -->
