<?xml version="1.0" encoding="UTF-8"?>
<!-- Generated by org.testng.reporters.JUnitReportReporter -->
<testsuite skipped="0" hostname="DESKTOP-5SL4C2D" name="com.handsOnExercise.useCases.nseIndia.UseCase13_CorporateAnnouncement" tests="1" failures="0" timestamp="13 May 2021 09:20:05 GMT" time="54.092" errors="0">
  <testcase name="corporateAnnouncement" time="54.092" classname="com.handsOnExercise.useCases.nseIndia.UseCase13_CorporateAnnouncement"/>
</testsuite> <!-- com.handsOnExercise.useCases.nseIndia.UseCase13_CorporateAnnouncement -->
