<?xml version="1.0" encoding="UTF-8"?>
<!-- Generated by org.testng.reporters.JUnitReportReporter -->
<testsuite skipped="0" hostname="DESKTOP-5SL4C2D" name="com.handsOnExercise.useCases.nseIndia.UseCase15_HolidaysForEquities" tests="1" failures="0" timestamp="17 May 2021 09:30:32 GMT" time="28.001" errors="0">
  <testcase name="equitiesHolidays" time="28.001" classname="com.handsOnExercise.useCases.nseIndia.UseCase15_HolidaysForEquities"/>
</testsuite> <!-- com.handsOnExercise.useCases.nseIndia.UseCase15_HolidaysForEquities -->
