<?xml version="1.0" encoding="UTF-8"?>
<!-- Generated by org.testng.reporters.JUnitReportReporter -->
<testsuite skipped="0" hostname="DESKTOP-5SL4C2D" name="com.handsOn.exercise.useCases.timeIBM.UseCase10_ReleaseNoteDetails" tests="1" failures="0" timestamp="10 May 2021 09:41:35 GMT" time="94.087" errors="0">
  <testcase name="releaseNoteDetails" time="94.087" classname="com.handsOn.exercise.useCases.timeIBM.UseCase10_ReleaseNoteDetails"/>
</testsuite> <!-- com.handsOn.exercise.useCases.timeIBM.UseCase10_ReleaseNoteDetails -->
