<?xml version="1.0" encoding="UTF-8"?>
<!-- Generated by org.testng.reporters.JUnitReportReporter -->
<testsuite skipped="0" hostname="DESKTOP-5SL4C2D" name="com.ibm.training.tests.TestSuite" tests="7" failures="0" timestamp="19 Jun 2020 15:23:56 GMT" time="61.450" errors="0">
  <testcase name="loginTest" time="8.677" classname="com.ibm.training.tests.TestSuite"/>
  <testcase name="addNewUserTest" time="18.347" classname="com.ibm.training.tests.TestSuite"/>
  <testcase name="addNewUserTest" time="7.836" classname="com.ibm.training.tests.TestSuite"/>
  <testcase name="addNewUserTest" time="9.961" classname="com.ibm.training.tests.TestSuite"/>
  <testcase name="userChangeRoleTest" time="5.485" classname="com.ibm.training.tests.TestSuite"/>
  <testcase name="userChangeRoleTest" time="5.491" classname="com.ibm.training.tests.TestSuite"/>
  <testcase name="userChangeRoleTest" time="5.653" classname="com.ibm.training.tests.TestSuite"/>
</testsuite> <!-- com.ibm.training.tests.TestSuite -->
