<?xml version="1.0" encoding="UTF-8"?>
<!-- Generated by org.testng.reporters.JUnitReportReporter -->
<testsuite skipped="0" hostname="DESKTOP-5SL4C2D" name="com.handsOn.exercise.useCases.moneyControl.UseCase4_FindCurrencyHighValue" tests="1" failures="0" timestamp="25 Apr 2021 06:17:47 GMT" time="27.848" errors="0">
  <testcase name="getCurrencyHighValue" time="27.848" classname="com.handsOn.exercise.useCases.moneyControl.UseCase4_FindCurrencyHighValue"/>
</testsuite> <!-- com.handsOn.exercise.useCases.moneyControl.UseCase4_FindCurrencyHighValue -->
