<?xml version="1.0" encoding="UTF-8"?>
<!-- Generated by org.testng.reporters.JUnitReportReporter -->
<testsuite skipped="0" hostname="DESKTOP-5SL4C2D" name="com.handsOnExercise.useCases.nseIndia.UseCase16_KnowingClassroomCourses" tests="1" failures="0" timestamp="19 May 2021 10:03:34 GMT" time="27.644" errors="0">
  <testcase name="equitiesHolidays" time="27.644" classname="com.handsOnExercise.useCases.nseIndia.UseCase16_KnowingClassroomCourses"/>
</testsuite> <!-- com.handsOnExercise.useCases.nseIndia.UseCase16_KnowingClassroomCourses -->
