<?xml version="1.0" encoding="UTF-8"?>
<!-- Generated by org.testng.reporters.JUnitReportReporter -->
<testsuite skipped="0" hostname="DESKTOP-5SL4C2D" name="com.handsOn.exercise.useCases.moneyControl.UseCase5_ProvidentFundCalculator" tests="1" failures="0" timestamp="27 Apr 2021 12:51:46 GMT" time="130.071" errors="0">
  <testcase name="PFCalculator" time="130.071" classname="com.handsOn.exercise.useCases.moneyControl.UseCase5_ProvidentFundCalculator"/>
</testsuite> <!-- com.handsOn.exercise.useCases.moneyControl.UseCase5_ProvidentFundCalculator -->
