<?xml version="1.0" encoding="UTF-8"?>
<!-- Generated by org.testng.reporters.JUnitReportReporter -->
<testsuite skipped="0" hostname="DESKTOP-5SL4C2D" name="com.handsOn.exercise.useCases.timeIBM.UseCase9_ValidateUIOptions" tests="1" failures="0" timestamp="07 May 2021 18:11:10 GMT" time="37.728" errors="0">
  <testcase name="validateUIOptions" time="37.728" classname="com.handsOn.exercise.useCases.timeIBM.UseCase9_ValidateUIOptions"/>
</testsuite> <!-- com.handsOn.exercise.useCases.timeIBM.UseCase9_ValidateUIOptions -->
