<?xml version="1.0" encoding="UTF-8"?>
<!-- Generated by org.testng.reporters.JUnitReportReporter -->
<testsuite skipped="0" hostname="DESKTOP-5SL4C2D" name="com.handsOn.exercise.useCases.timeIBM.UseCase11_AlertsAndAnnouncements" tests="1" failures="0" timestamp="10 May 2021 05:11:20 GMT" time="38.046" errors="0">
  <testcase name="AlertsAndAnnouncements" time="38.046" classname="com.handsOn.exercise.useCases.timeIBM.UseCase11_AlertsAndAnnouncements"/>
</testsuite> <!-- com.handsOn.exercise.useCases.timeIBM.UseCase11_AlertsAndAnnouncements -->
